TN:
SF:src/BlitzVault.sol
DA:44,75
FN:44,BlitzVault.onlyDeployer
FNDA:75,BlitzVault.onlyDeployer
DA:45,75
BRDA:45,0,0,1
DA:49,14
FN:49,BlitzVault.onlyEngine
FNDA:14,BlitzVault.onlyEngine
DA:50,14
BRDA:50,1,0,3
DA:54,74
FN:54,BlitzVault.whenNotPaused
FNDA:74,BlitzVault.whenNotPaused
DA:55,74
BRDA:55,2,0,2
DA:59,72
FN:59,BlitzVault.constructor
FNDA:72,BlitzVault.constructor
DA:60,72
BRDA:60,3,0,0
DA:61,72
DA:62,72
DA:66,159
FN:66,BlitzVault._decimalsOffset
FNDA:159,BlitzVault._decimalsOffset
DA:67,159
DA:71,178
FN:71,BlitzVault.totalAssets
FNDA:178,BlitzVault.totalAssets
DA:72,178
DA:76,12
FN:76,BlitzVault.deployable
FNDA:12,BlitzVault.deployable
DA:77,12
DA:78,12
BRDA:78,4,0,0
DA:79,12
DA:83,72
FN:83,BlitzVault.setEngine
FNDA:72,BlitzVault.setEngine
DA:84,72
BRDA:84,5,0,1
DA:85,71
BRDA:85,6,0,0
DA:86,71
DA:87,71
DA:91,10
FN:91,BlitzVault.pullForEngine
FNDA:10,BlitzVault.pullForEngine
DA:92,10
DA:93,10
BRDA:93,7,0,0
DA:94,10
DA:95,10
DA:96,10
DA:101,5
FN:101,BlitzVault.returnFromEngine
FNDA:5,BlitzVault.returnFromEngine
DA:102,5
BRDA:102,8,0,4
BRDA:102,8,1,1
DA:103,1
DA:104,5
DA:105,5
DA:109,4
FN:109,BlitzVault.creditYield
FNDA:4,BlitzVault.creditYield
DA:110,4
BRDA:110,9,0,0
DA:111,4
DA:112,4
DA:116,4
FN:116,BlitzVault.notifyLoss
FNDA:4,BlitzVault.notifyLoss
DA:117,4
BRDA:117,10,0,0
DA:118,4
DA:119,4
DA:122,142
FN:122,BlitzVault.deposit
FNDA:142,BlitzVault.deposit
DA:123,142
DA:126,1
FN:126,BlitzVault.mint
FNDA:1,BlitzVault.mint
DA:127,1
DA:130,6
FN:130,BlitzVault.withdraw
FNDA:6,BlitzVault.withdraw
DA:137,6
DA:140,2
FN:140,BlitzVault.redeem
FNDA:2,BlitzVault.redeem
DA:147,2
FNF:16
FNH:16
LF:50
LH:50
BRF:12
BRH:6
end_of_record
TN:
SF:src/DemoUSD.sol
DA:21,73
FN:21,DemoUSD.constructor
FNDA:73,DemoUSD.constructor
DA:23,71
FN:23,DemoUSD.decimals
FNDA:71,DemoUSD.decimals
DA:24,71
DA:28,1107
FN:28,DemoUSD.faucet
FNDA:1107,DemoUSD.faucet
DA:29,1107
DA:30,1107
BRDA:30,0,0,908
DA:31,908
DA:32,908
BRDA:32,1,0,1
DA:33,1
DA:36,1106
BRDA:36,2,0,1
DA:37,1105
DA:38,1105
DA:39,1105
DA:40,1105
FNF:3
FNH:3
LF:14
LH:14
BRF:3
BRH:3
end_of_record
TN:
SF:src/EngineLite.sol
DA:57,51
FN:57,EngineLite.onlyDeployer
FNDA:51,EngineLite.onlyDeployer
DA:58,51
BRDA:58,0,0,1
DA:62,13
FN:62,EngineLite.whenNotPaused
FNDA:13,EngineLite.whenNotPaused
DA:63,13
BRDA:63,1,0,2
DA:67,50
FN:67,EngineLite.constructor
FNDA:50,EngineLite.constructor
DA:68,50
BRDA:68,2,0,0
DA:69,50
DA:70,50
DA:74,49
FN:74,EngineLite.wire
FNDA:49,EngineLite.wire
DA:80,1
BRDA:80,3,0,1
DA:82,48
DA:83,47
DA:84,1
BRDA:84,4,0,1
DA:85,47
DA:86,47
DA:87,47
DA:88,47
DA:89,47
DA:90,47
DA:91,47
DA:92,47
DA:93,47
DA:97,11
FN:97,EngineLite.deployLiquidity
FNDA:11,EngineLite.deployLiquidity
DA:98,11
BRDA:98,5,0,0
DA:99,11
BRDA:99,6,0,1
DA:100,10
DA:101,10
BRDA:101,7,0,0
DA:102,10
DA:103,10
DA:104,10
DA:105,10
DA:106,10
DA:107,10
DA:108,10
DA:112,110
FN:112,EngineLite.crank
FNDA:110,EngineLite.crank
DA:113,110
BRDA:113,8,0,1
DA:114,109
DA:115,109
BRDA:115,9,0,6
DA:116,6
DA:117,6
DA:118,6
DA:120,108
BRDA:120,10,0,0
DA:121,108
DA:122,108
DA:123,108
DA:124,108
BRDA:124,11,0,2
DA:125,108
DA:126,108
DA:129,108
DA:130,108
DA:131,108
DA:132,9
DA:136,5
FN:136,EngineLite.unwind
FNDA:5,EngineLite.unwind
DA:137,5
BRDA:137,12,0,0
DA:138,5
DA:139,5
BRDA:139,13,0,5
DA:140,5
DA:141,5
DA:142,5
DA:143,5
DA:145,5
DA:146,5
BRDA:146,14,0,3
DA:147,3
DA:149,5
DA:150,5
DA:151,5
BRDA:151,15,0,4
BRDA:151,15,1,1
DA:152,4
DA:153,4
DA:154,4
BRDA:154,16,0,3
BRDA:154,16,1,1
DA:155,3
BRDA:155,17,0,3
DA:156,3
BRDA:156,18,0,1
DA:158,1
DA:159,1
DA:161,1
BRDA:161,19,0,1
DA:162,1
DA:164,5
DA:165,3
DA:169,2
FN:169,EngineLite.netDelta
FNDA:2,EngineLite.netDelta
DA:170,2
BRDA:170,20,0,0
DA:171,2
DA:172,2
DA:173,2
BRDA:173,21,0,1
DA:174,1
DA:176,2
DA:180,10
FN:180,EngineLite.netDeltaBps
FNDA:10,EngineLite.netDeltaBps
DA:181,10
BRDA:181,22,0,0
DA:182,10
DA:183,10
DA:184,10
BRDA:184,23,0,5
DA:185,5
DA:187,10
DA:188,10
BRDA:188,24,0,5
DA:189,5
DA:192,108
FN:192,EngineLite._handoffYield
FNDA:108,EngineLite._handoffYield
DA:193,108
BRDA:193,25,0,3
BRDA:193,25,1,105
DA:194,3
DA:195,3
DA:196,3
DA:197,3
BRDA:197,26,0,3
DA:198,3
DA:199,3
DA:200,3
DA:202,105
BRDA:202,27,0,2
DA:203,2
DA:204,2
DA:205,2
DA:206,2
BRDA:206,28,0,2
DA:210,108
FN:210,EngineLite._capSpotPnl
FNDA:108,EngineLite._capSpotPnl
DA:211,108
DA:212,108
BRDA:212,29,0,103
DA:213,5
BRDA:213,30,0,1
DA:214,4
BRDA:214,31,0,1
DA:215,1
DA:216,1
BRDA:216,32,0,1
DA:218,3
DA:221,235
FN:221,EngineLite._toInt
FNDA:235,EngineLite._toInt
DA:222,235
BRDA:222,33,0,0
DA:223,235
DA:226,130
FN:226,EngineLite._spotValue
FNDA:130,EngineLite._spotValue
DA:227,130
DA:228,130
BRDA:228,34,0,109
DA:229,21
DA:230,21
DA:231,21
DA:232,21
DA:233,21
DA:236,13
FN:236,EngineLite._swap
FNDA:13,EngineLite._swap
DA:237,13
DA:238,13
DA:239,13
DA:240,13
DA:241,13
DA:242,13
DA:243,13
DA:244,13
DA:245,13
DA:246,13
BRDA:246,35,0,0
DA:247,13
FNF:14
FNH:14
LF:138
LH:138
BRF:39
BRH:30
end_of_record
TN:
SF:src/TrancheToken.sol
DA:13,142
FN:13,TrancheToken.constructor
FNDA:142,TrancheToken.constructor
DA:14,142
DA:17,88
FN:17,TrancheToken.mint
FNDA:88,TrancheToken.mint
DA:18,88
BRDA:18,0,0,0
DA:19,88
DA:22,5
FN:22,TrancheToken.burn
FNDA:5,TrancheToken.burn
DA:23,5
BRDA:23,1,0,0
DA:24,5
FNF:3
FNH:3
LF:8
LH:8
BRF:2
BRH:0
end_of_record
TN:
SF:src/Tranches.sol
DA:87,72
FN:87,Tranches.onlyDeployer
FNDA:72,Tranches.onlyDeployer
DA:88,72
BRDA:88,0,0,0
DA:92,133
FN:92,Tranches.onlyEngine
FNDA:133,Tranches.onlyEngine
DA:93,133
BRDA:93,1,0,1
DA:97,2
FN:97,Tranches.whenNotPaused
FNDA:2,Tranches.whenNotPaused
DA:98,2
BRDA:98,2,0,1
DA:102,71
FN:102,Tranches.constructor
FNDA:71,Tranches.constructor
DA:103,71
BRDA:103,3,0,0
DA:104,71
DA:105,71
DA:106,71
DA:107,71
DA:108,71
DA:109,71
DA:110,71
DA:114,71
FN:114,Tranches.setEngine
FNDA:71,Tranches.setEngine
DA:115,71
BRDA:115,4,0,1
DA:116,70
BRDA:116,5,0,0
DA:117,70
DA:118,70
DA:119,70
DA:123,42
FN:123,Tranches.joinHull
FNDA:42,Tranches.joinHull
DA:124,42
BRDA:124,6,0,0
DA:125,42
DA:126,42
DA:127,40
DA:128,40
DA:129,40
DA:130,40
DA:131,40
DA:135,49
FN:135,Tranches.joinBallast
FNDA:49,Tranches.joinBallast
DA:136,49
BRDA:136,7,0,1
DA:137,48
DA:138,48
DA:139,48
DA:140,48
DA:141,48
DA:142,48
DA:143,48
DA:148,2
FN:148,Tranches.exitHull
FNDA:2,Tranches.exitHull
DA:149,2
BRDA:149,8,0,0
DA:150,2
DA:151,2
DA:152,2
DA:153,2
DA:154,2
DA:155,2
DA:156,2
DA:157,2
DA:161,4
FN:161,Tranches.exitBallast
FNDA:4,Tranches.exitBallast
DA:162,4
BRDA:162,9,0,0
DA:163,4
DA:164,4
DA:165,4
DA:166,4
DA:167,4
DA:168,3
DA:169,3
DA:170,3
DA:174,131
FN:174,Tranches.settle
FNDA:131,Tranches.settle
DA:175,131
DA:176,131
BRDA:176,10,0,100
DA:177,31
DA:178,28
DA:180,28
DA:181,28
DA:182,28
DA:183,28
DA:184,28
DA:185,28
DA:186,28
DA:188,28
BRDA:188,11,0,13
BRDA:188,11,1,15
DA:189,13
DA:190,13
DA:191,13
BRDA:191,12,0,0
DA:192,13
DA:193,13
DA:194,13
BRDA:194,13,0,13
DA:195,13
DA:197,13
DA:198,13
DA:199,13
DA:200,13
DA:201,13
DA:203,13
DA:204,13
DA:205,13
BRDA:205,14,0,3
DA:206,3
DA:207,3
DA:208,3
DA:211,13
DA:212,13
DA:213,13
DA:214,13
DA:215,15
BRDA:215,15,0,10
DA:216,10
DA:217,10
BRDA:217,16,0,2
DA:218,8
BRDA:218,17,0,7
BRDA:218,17,1,1
DA:219,7
DA:220,7
DA:222,1
DA:223,1
DA:224,1
DA:225,1
DA:229,13
DA:246,1
FN:246,Tranches.claimTreasury
FNDA:1,Tranches.claimTreasury
DA:247,1
DA:248,1
BRDA:248,18,0,0
DA:249,1
DA:250,1
DA:251,1
DA:255,1
FN:255,Tranches.deckStats
FNDA:1,Tranches.deckStats
DA:269,1
DA:270,1
DA:271,1
DA:272,1
DA:273,1
DA:274,1
DA:275,1
DA:276,1
DA:279,31
FN:279,Tranches._assertPlausible
FNDA:31,Tranches._assertPlausible
DA:280,31
BRDA:280,19,0,5
DA:281,26
BRDA:281,20,0,2
DA:282,25
DA:283,25
DA:284,25
BRDA:284,21,0,2
DA:287,88
FN:287,Tranches._pullAndDeposit
FNDA:88,Tranches._pullAndDeposit
DA:288,88
DA:289,88
DA:290,88
DA:291,88
DA:294,6
FN:294,Tranches._withdrawTo
FNDA:6,Tranches._withdrawTo
DA:295,6
DA:299,88
FN:299,Tranches._previewMint
FNDA:88,Tranches._previewMint
DA:304,88
DA:305,88
BRDA:305,22,0,86
BRDA:305,22,1,2
DA:306,86
DA:308,2
DA:312,6
FN:312,Tranches._ratioBps
FNDA:6,Tranches._ratioBps
DA:313,6
DA:314,6
BRDA:314,23,0,1
DA:315,5
DA:318,109
FN:318,Tranches._breaches
FNDA:109,Tranches._breaches
DA:319,109
DA:320,109
BRDA:320,24,0,2
DA:321,107
DA:324,96
FN:324,Tranches._assertFloor
FNDA:96,Tranches._assertFloor
DA:325,96
BRDA:325,25,0,93
DA:326,1
BRDA:326,26,0,1
DA:327,1
DA:328,1
DA:329,1
BRDA:329,27,0,0
DA:331,3
DA:334,3
FN:334,Tranches._spillToKeepFloor
FNDA:3,Tranches._spillToKeepFloor
DA:335,3
DA:336,3
DA:337,3
BRDA:337,28,0,0
DA:338,3
DA:339,3
BRDA:339,29,0,0
FNF:20
FNH:20
LF:159
LH:159
BRF:33
BRH:22
end_of_record
TN:
SF:src/guards/Guardian.sol
DA:20,71
FN:20,Guardian.constructor
FNDA:71,Guardian.constructor
DA:23,10
FN:23,Guardian.pause
FNDA:10,Guardian.pause
DA:24,1
BRDA:24,0,0,1
DA:25,9
DA:26,9
DA:30,4
FN:30,Guardian.unpause
FNDA:4,Guardian.unpause
DA:31,4
BRDA:31,1,0,1
DA:32,3
DA:33,3
FNF:3
FNH:3
LF:9
LH:9
BRF:2
BRH:2
end_of_record
TN:
SF:src/lib/Decimals.sol
DA:14,23
FN:14,Decimals.dusdToWmon
FNDA:23,Decimals.dusdToWmon
DA:15,23
DA:19,31
FN:19,Decimals.wmonToDusdDown
FNDA:31,Decimals.wmonToDusdDown
DA:20,31
DA:24,3
FN:24,Decimals.wmonToDusdUp
FNDA:3,Decimals.wmonToDusdUp
DA:25,3
BRDA:25,0,0,0
DA:26,3
FNF:3
FNH:3
LF:7
LH:7
BRF:1
BRH:0
end_of_record
TN:
SF:src/mocks/MockRouter.sol
DA:23,50
FN:23,MockRouter.constructor
FNDA:50,MockRouter.constructor
DA:24,50
DA:25,50
DA:28,36
FN:28,MockRouter.getAmountsOut
FNDA:36,MockRouter.getAmountsOut
DA:29,36
DA:32,17
FN:32,MockRouter.swapExactTokensForTokens
FNDA:17,MockRouter.swapExactTokensForTokens
DA:39,17
BRDA:39,0,0,1
DA:40,16
DA:41,15
BRDA:41,1,0,0
DA:42,15
DA:43,15
BRDA:43,2,0,11
BRDA:43,2,1,4
DA:44,11
DA:45,4
BRDA:45,3,0,4
BRDA:45,3,1,0
DA:46,4
DA:47,4
DA:49,0
DA:53,52
FN:53,MockRouter._quote
FNDA:52,MockRouter._quote
DA:54,52
BRDA:54,4,0,1
DA:55,51
DA:56,51
DA:57,51
BRDA:57,5,0,21
BRDA:57,5,1,30
DA:58,21
DA:59,30
BRDA:59,6,0,28
BRDA:59,6,1,2
DA:60,28
DA:62,2
FNF:4
FNH:4
LF:25
LH:24
BRF:11
BRH:9
end_of_record
TN:
SF:src/mocks/MockWMON.sol
DA:13,50
FN:13,MockWMON.constructor
FNDA:50,MockWMON.constructor
DA:15,1
FN:15,MockWMON.decimals
FNDA:1,MockWMON.decimals
DA:16,1
DA:19,51
FN:19,MockWMON.setRouter
FNDA:51,MockWMON.setRouter
DA:20,51
BRDA:20,0,0,1
DA:21,50
DA:24,13
FN:24,MockWMON.mint
FNDA:13,MockWMON.mint
DA:25,13
BRDA:25,1,0,1
DA:26,12
DA:29,5
FN:29,MockWMON.burn
FNDA:5,MockWMON.burn
DA:30,5
BRDA:30,2,0,0
DA:31,5
FNF:5
FNH:5
LF:12
LH:12
BRF:3
BRH:2
end_of_record
TN:
SF:src/venues/SimVenue.sol
DA:49,4
FN:49,SimVenue.onlyOwner
FNDA:4,SimVenue.onlyOwner
DA:50,4
BRDA:50,0,0,0
DA:54,46
FN:54,SimVenue.constructor
FNDA:46,SimVenue.constructor
DA:55,46
DA:56,46
DA:60,23
FN:60,SimVenue.seed
FNDA:23,SimVenue.seed
DA:61,23
DA:62,23
DA:66,4
FN:66,SimVenue.setFundingRateBps
FNDA:4,SimVenue.setFundingRateBps
DA:67,4
BRDA:67,1,0,1
DA:68,4
BRDA:68,2,0,1
DA:69,3
DA:70,3
DA:74,9
FN:74,SimVenue.openShort
FNDA:9,SimVenue.openShort
DA:75,9
BRDA:75,3,0,0
DA:76,9
DA:77,9
DA:78,9
DA:82,5
FN:82,SimVenue.closeShort
FNDA:5,SimVenue.closeShort
DA:83,5
DA:84,5
BRDA:84,4,0,0
DA:85,5
BRDA:85,5,0,0
DA:86,5
DA:87,5
DA:88,5
DA:89,5
DA:90,5
DA:91,5
DA:92,5
DA:96,6
FN:96,SimVenue.position
FNDA:6,SimVenue.position
DA:97,6
DA:98,6
BRDA:98,6,0,0
DA:99,6
DA:103,5
FN:103,SimVenue.sweepFunding
FNDA:5,SimVenue.sweepFunding
DA:104,5
DA:105,5
BRDA:105,7,0,0
DA:106,5
BRDA:106,8,0,0
DA:107,5
DA:108,5
DA:109,5
DA:110,5
DA:114,1
FN:114,SimVenue.venueName
FNDA:1,SimVenue.venueName
DA:115,1
DA:119,1
FN:119,SimVenue.isSimulated
FNDA:1,SimVenue.isSimulated
DA:120,1
DA:123,16
FN:123,SimVenue._accrued
FNDA:16,SimVenue._accrued
DA:124,16
DA:125,16
BRDA:125,9,0,10
DA:127,6
DA:128,6
BRDA:128,10,0,2
DA:129,4
DA:132,10
FN:132,SimVenue._settle
FNDA:10,SimVenue._settle
DA:133,10
BRDA:133,11,0,4
BRDA:133,11,1,6
DA:134,4
DA:135,4
BRDA:135,12,0,0
DA:136,4
DA:137,6
BRDA:137,13,0,2
DA:138,2
DA:139,2
DA:143,10
FN:143,SimVenue._abs
FNDA:10,SimVenue._abs
DA:144,10
FNF:13
FNH:13
LF:61
LH:61
BRF:15
BRH:7
end_of_record
TN:
SF:test/helpers/Fixture.sol
DA:29,46
FN:29,Fixture._deploy
FNDA:46,Fixture._deploy
DA:30,46
DA:31,46
DA:32,46
DA:33,0
DA:34,46
DA:35,0
DA:36,0
DA:37,46
DA:38,46
DA:39,46
DA:40,0
DA:41,0
DA:42,46
DA:43,46
DA:44,46
DA:50,46
FN:50,Fixture._seedDeadShares
FNDA:46,Fixture._seedDeadShares
DA:51,46
DA:52,0
DA:53,0
DA:54,0
DA:55,46
DA:58,46
FN:58,Fixture._faucet
FNDA:46,Fixture._faucet
DA:59,46
DA:60,0
DA:61,0
DA:62,0
DA:63,46
DA:64,46
DA:68,46
FN:68,Fixture._approveTranches
FNDA:46,Fixture._approveTranches
DA:69,0
DA:70,46
FNF:4
FNH:4
LF:32
LH:20
BRF:0
BRH:0
end_of_record
TN:
SF:test/unit/Reentrancy.t.sol
DA:22,1
FN:22,HookToken.constructor
FNDA:1,HookToken.constructor
DA:24,1
FN:24,HookToken.decimals
FNDA:1,HookToken.decimals
DA:25,1
DA:28,1
FN:28,HookToken.mint
FNDA:1,HookToken.mint
DA:29,1
DA:32,1
FN:32,HookToken.arm
FNDA:1,HookToken.arm
DA:33,1
DA:34,1
DA:35,1
DA:38,1
FN:38,HookToken.transferFrom
FNDA:1,HookToken.transferFrom
DA:39,1
DA:40,1
BRDA:40,0,0,1
DA:41,1
DA:42,1
DA:43,1
BRDA:43,1,0,0
BRDA:43,1,1,0
DA:45,0
DA:53,1
FN:53,ReenteringVenue.armReenter
FNDA:1,ReenteringVenue.armReenter
DA:54,1
DA:58,1
FN:58,ReenteringVenue.setEngine
FNDA:1,ReenteringVenue.setEngine
DA:59,1
DA:62,1
FN:62,ReenteringVenue.openShort
FNDA:1,ReenteringVenue.openShort
DA:63,1
DA:66,0
FN:66,ReenteringVenue.closeShort
FNDA:0,ReenteringVenue.closeShort
DA:67,0
DA:70,0
FN:70,ReenteringVenue.position
FNDA:0,ReenteringVenue.position
DA:71,0
DA:74,1
FN:74,ReenteringVenue.sweepFunding
FNDA:1,ReenteringVenue.sweepFunding
DA:75,1
BRDA:75,2,0,1
DA:76,1
DA:78,0
DA:81,0
FN:81,ReenteringVenue.venueName
FNDA:0,ReenteringVenue.venueName
DA:82,0
DA:85,0
FN:85,ReenteringVenue.isSimulated
FNDA:0,ReenteringVenue.isSimulated
DA:86,0
FNF:13
FNH:9
LF:34
LH:24
BRF:4
BRH:2
end_of_record
